<?xml version="1.0" encoding="UTF-8"?>
<testsuite name="com.unit.test.rv.service.RobotRightLeftAPITest" tests="2" skipped="0" failures="0" errors="0" timestamp="2023-01-29T23:58:11" hostname="Sunils-MBP-2" time="0.02">
  <properties/>
  <testcase name="shouldGetSuccessWhenDirectionChangesFromEastToSOUTH()" classname="com.unit.test.rv.service.RobotRightLeftAPITest" time="0.016"/>
  <testcase name="shouldGetSuccessWhenDirectionChangesFromEastToSouth()" classname="com.unit.test.rv.service.RobotRightLeftAPITest" time="0.003"/>
  <system-out><![CDATA[2023-01-30 10:58:11.496  INFO 19221 --- [    Test worker] .b.t.c.SpringBootTestContextBootstrapper : Neither @ContextConfiguration nor @ContextHierarchy found for test class [com.unit.test.rv.service.RobotRightLeftAPITest], using SpringBootContextLoader
2023-01-30 10:58:11.497  INFO 19221 --- [    Test worker] o.s.t.c.support.AbstractContextLoader    : Could not detect default resource locations for test class [com.unit.test.rv.service.RobotRightLeftAPITest]: no resource found for suffixes {-context.xml, Context.groovy}.
2023-01-30 10:58:11.498  INFO 19221 --- [    Test worker] .b.t.c.SpringBootTestContextBootstrapper : Loaded default TestExecutionListener class names from location [META-INF/spring.factories]: [org.springframework.boot.test.autoconfigure.restdocs.RestDocsTestExecutionListener, org.springframework.boot.test.autoconfigure.web.client.MockRestServiceServerResetTestExecutionListener, org.springframework.boot.test.autoconfigure.web.servlet.MockMvcPrintOnlyOnFailureTestExecutionListener, org.springframework.boot.test.autoconfigure.web.servlet.WebDriverTestExecutionListener, org.springframework.boot.test.mock.mockito.MockitoTestExecutionListener, org.springframework.boot.test.mock.mockito.ResetMocksTestExecutionListener, org.springframework.test.context.web.ServletTestExecutionListener, org.springframework.test.context.support.DirtiesContextBeforeModesTestExecutionListener, org.springframework.test.context.support.DependencyInjectionTestExecutionListener, org.springframework.test.context.support.DirtiesContextTestExecutionListener, org.springframework.test.context.transaction.TransactionalTestExecutionListener, org.springframework.test.context.jdbc.SqlScriptsTestExecutionListener, org.springframework.test.context.event.EventPublishingTestExecutionListener]
2023-01-30 10:58:11.499  INFO 19221 --- [    Test worker] .b.t.c.SpringBootTestContextBootstrapper : Using TestExecutionListeners: [org.springframework.test.context.web.ServletTestExecutionListener@2123a61c, org.springframework.test.context.support.DirtiesContextBeforeModesTestExecutionListener@2e5c7cd5, org.springframework.boot.test.mock.mockito.MockitoTestExecutionListener@f252762, org.springframework.boot.test.autoconfigure.SpringBootDependencyInjectionTestExecutionListener@5b74bb75, org.springframework.test.context.support.DirtiesContextTestExecutionListener@675bf541, org.springframework.test.context.event.EventPublishingTestExecutionListener@2aac87ab, org.springframework.boot.test.autoconfigure.restdocs.RestDocsTestExecutionListener@c14bbab, org.springframework.boot.test.autoconfigure.web.client.MockRestServiceServerResetTestExecutionListener@72c5064f, org.springframework.boot.test.autoconfigure.web.servlet.MockMvcPrintOnlyOnFailureTestExecutionListener@4a0c04ab, org.springframework.boot.test.autoconfigure.web.servlet.WebDriverTestExecutionListener@453439e, org.springframework.boot.test.mock.mockito.ResetMocksTestExecutionListener@2d33795c]
]]></system-out>
  <system-err><![CDATA[]]></system-err>
</testsuite>
