<?xml version="1.0" encoding="UTF-8"?>
<testsuite name="com.unit.test.rv.service.RobotMoveAPITest" tests="4" skipped="0" failures="0" errors="0" timestamp="2023-01-29T23:58:11" hostname="Sunils-MBP-2" time="0.018">
  <properties/>
  <testcase name="shouldReturnErrorWhenPositionIsEastOutOfBoundMoveAPICall()" classname="com.unit.test.rv.service.RobotMoveAPITest" time="0.003"/>
  <testcase name="shouldGetSuccessWhenPositionIsInitializedForMoveAPICall()" classname="com.unit.test.rv.service.RobotMoveAPITest" time="0.003"/>
  <testcase name="shouldGetErrorWhenPositionIsWESTOutOfBoundMoveAPICall()" classname="com.unit.test.rv.service.RobotMoveAPITest" time="0.006"/>
  <testcase name="shouldGetErrorWhenPositionIsNorthOutOfBoundMoveAPICall()" classname="com.unit.test.rv.service.RobotMoveAPITest" time="0.003"/>
  <system-out><![CDATA[2023-01-30 10:58:11.608  INFO 19221 --- [    Test worker] .b.t.c.SpringBootTestContextBootstrapper : Neither @ContextConfiguration nor @ContextHierarchy found for test class [com.unit.test.rv.service.RobotMoveAPITest], using SpringBootContextLoader
2023-01-30 10:58:11.609  INFO 19221 --- [    Test worker] o.s.t.c.support.AbstractContextLoader    : Could not detect default resource locations for test class [com.unit.test.rv.service.RobotMoveAPITest]: no resource found for suffixes {-context.xml, Context.groovy}.
2023-01-30 10:58:11.611  INFO 19221 --- [    Test worker] .b.t.c.SpringBootTestContextBootstrapper : Loaded default TestExecutionListener class names from location [META-INF/spring.factories]: [org.springframework.boot.test.autoconfigure.restdocs.RestDocsTestExecutionListener, org.springframework.boot.test.autoconfigure.web.client.MockRestServiceServerResetTestExecutionListener, org.springframework.boot.test.autoconfigure.web.servlet.MockMvcPrintOnlyOnFailureTestExecutionListener, org.springframework.boot.test.autoconfigure.web.servlet.WebDriverTestExecutionListener, org.springframework.boot.test.mock.mockito.MockitoTestExecutionListener, org.springframework.boot.test.mock.mockito.ResetMocksTestExecutionListener, org.springframework.test.context.web.ServletTestExecutionListener, org.springframework.test.context.support.DirtiesContextBeforeModesTestExecutionListener, org.springframework.test.context.support.DependencyInjectionTestExecutionListener, org.springframework.test.context.support.DirtiesContextTestExecutionListener, org.springframework.test.context.transaction.TransactionalTestExecutionListener, org.springframework.test.context.jdbc.SqlScriptsTestExecutionListener, org.springframework.test.context.event.EventPublishingTestExecutionListener]
2023-01-30 10:58:11.612  INFO 19221 --- [    Test worker] .b.t.c.SpringBootTestContextBootstrapper : Using TestExecutionListeners: [org.springframework.test.context.web.ServletTestExecutionListener@3ab70d34, org.springframework.test.context.support.DirtiesContextBeforeModesTestExecutionListener@289cf7db, org.springframework.boot.test.mock.mockito.MockitoTestExecutionListener@7c523bdd, org.springframework.boot.test.autoconfigure.SpringBootDependencyInjectionTestExecutionListener@3741071d, org.springframework.test.context.support.DirtiesContextTestExecutionListener@351d726c, org.springframework.test.context.event.EventPublishingTestExecutionListener@7af0693b, org.springframework.boot.test.autoconfigure.restdocs.RestDocsTestExecutionListener@1791396b, org.springframework.boot.test.autoconfigure.web.client.MockRestServiceServerResetTestExecutionListener@28d7bd6b, org.springframework.boot.test.autoconfigure.web.servlet.MockMvcPrintOnlyOnFailureTestExecutionListener@7607340f, org.springframework.boot.test.autoconfigure.web.servlet.WebDriverTestExecutionListener@f472245, org.springframework.boot.test.mock.mockito.ResetMocksTestExecutionListener@110318a7]
2023-01-30 10:58:11.616 ERROR 19221 --- [    Test worker] com.rv.service.RobotService              : X-co-ordinate will move out of bound
2023-01-30 10:58:11.626 ERROR 19221 --- [    Test worker] com.rv.service.RobotService              : X-co-ordinate will move out of bound
2023-01-30 10:58:11.632 ERROR 19221 --- [    Test worker] com.rv.service.RobotService              : Y-co-ordinate will move out of bound
]]></system-out>
  <system-err><![CDATA[]]></system-err>
</testsuite>
