<?xml version="1.0" encoding="UTF-8"?>
<testsuite name="com.unit.test.rv.service.RobotSimulationTest" tests="21" skipped="0" failures="0" errors="0" timestamp="2023-01-29T23:58:11" hostname="Sunils-MBP-2" time="0.11">
  <properties/>
  <testcase name="[1] 0" classname="com.unit.test.rv.service.RobotSimulationTest" time="0.022"/>
  <testcase name="[2] 1" classname="com.unit.test.rv.service.RobotSimulationTest" time="0.004"/>
  <testcase name="[3] 2" classname="com.unit.test.rv.service.RobotSimulationTest" time="0.003"/>
  <testcase name="[4] 3" classname="com.unit.test.rv.service.RobotSimulationTest" time="0.003"/>
  <testcase name="[5] 4" classname="com.unit.test.rv.service.RobotSimulationTest" time="0.003"/>
  <testcase name="[6] 5" classname="com.unit.test.rv.service.RobotSimulationTest" time="0.003"/>
  <testcase name="[1] -1" classname="com.unit.test.rv.service.RobotSimulationTest" time="0.004"/>
  <testcase name="[2] -2" classname="com.unit.test.rv.service.RobotSimulationTest" time="0.003"/>
  <testcase name="[1] -1" classname="com.unit.test.rv.service.RobotSimulationTest" time="0.003"/>
  <testcase name="[2] -2" classname="com.unit.test.rv.service.RobotSimulationTest" time="0.004"/>
  <testcase name="shouldGetSuccessWhenPositionIsInitializedForReportAPICall()" classname="com.unit.test.rv.service.RobotSimulationTest" time="0.003"/>
  <testcase name="shouldThrowErrorWhenPositionIsNull()" classname="com.unit.test.rv.service.RobotSimulationTest" time="0.003"/>
  <testcase name="[1] EAST" classname="com.unit.test.rv.service.RobotSimulationTest" time="0.003"/>
  <testcase name="[2] WEST" classname="com.unit.test.rv.service.RobotSimulationTest" time="0.002"/>
  <testcase name="[3] NORTH" classname="com.unit.test.rv.service.RobotSimulationTest" time="0.003"/>
  <testcase name="[1] 0" classname="com.unit.test.rv.service.RobotSimulationTest" time="0.003"/>
  <testcase name="[2] 1" classname="com.unit.test.rv.service.RobotSimulationTest" time="0.002"/>
  <testcase name="[3] 2" classname="com.unit.test.rv.service.RobotSimulationTest" time="0.003"/>
  <testcase name="[4] 3" classname="com.unit.test.rv.service.RobotSimulationTest" time="0.002"/>
  <testcase name="[5] 4" classname="com.unit.test.rv.service.RobotSimulationTest" time="0.002"/>
  <testcase name="[6] 5" classname="com.unit.test.rv.service.RobotSimulationTest" time="0.002"/>
  <system-out><![CDATA[2023-01-30 10:58:11.362  INFO 19221 --- [    Test worker] .b.t.c.SpringBootTestContextBootstrapper : Neither @ContextConfiguration nor @ContextHierarchy found for test class [com.unit.test.rv.service.RobotSimulationTest], using SpringBootContextLoader
2023-01-30 10:58:11.363  INFO 19221 --- [    Test worker] o.s.t.c.support.AbstractContextLoader    : Could not detect default resource locations for test class [com.unit.test.rv.service.RobotSimulationTest]: no resource found for suffixes {-context.xml, Context.groovy}.
2023-01-30 10:58:11.365  INFO 19221 --- [    Test worker] .b.t.c.SpringBootTestContextBootstrapper : Loaded default TestExecutionListener class names from location [META-INF/spring.factories]: [org.springframework.boot.test.autoconfigure.restdocs.RestDocsTestExecutionListener, org.springframework.boot.test.autoconfigure.web.client.MockRestServiceServerResetTestExecutionListener, org.springframework.boot.test.autoconfigure.web.servlet.MockMvcPrintOnlyOnFailureTestExecutionListener, org.springframework.boot.test.autoconfigure.web.servlet.WebDriverTestExecutionListener, org.springframework.boot.test.mock.mockito.MockitoTestExecutionListener, org.springframework.boot.test.mock.mockito.ResetMocksTestExecutionListener, org.springframework.test.context.web.ServletTestExecutionListener, org.springframework.test.context.support.DirtiesContextBeforeModesTestExecutionListener, org.springframework.test.context.support.DependencyInjectionTestExecutionListener, org.springframework.test.context.support.DirtiesContextTestExecutionListener, org.springframework.test.context.transaction.TransactionalTestExecutionListener, org.springframework.test.context.jdbc.SqlScriptsTestExecutionListener, org.springframework.test.context.event.EventPublishingTestExecutionListener]
2023-01-30 10:58:11.366  INFO 19221 --- [    Test worker] .b.t.c.SpringBootTestContextBootstrapper : Using TestExecutionListeners: [org.springframework.test.context.web.ServletTestExecutionListener@361483eb, org.springframework.test.context.support.DirtiesContextBeforeModesTestExecutionListener@14983265, org.springframework.boot.test.mock.mockito.MockitoTestExecutionListener@35e357b, org.springframework.boot.test.autoconfigure.SpringBootDependencyInjectionTestExecutionListener@724c26e0, org.springframework.test.context.support.DirtiesContextTestExecutionListener@6055e899, org.springframework.test.context.event.EventPublishingTestExecutionListener@350be5ec, org.springframework.boot.test.autoconfigure.restdocs.RestDocsTestExecutionListener@478cebdb, org.springframework.boot.test.autoconfigure.web.client.MockRestServiceServerResetTestExecutionListener@5464aeec, org.springframework.boot.test.autoconfigure.web.servlet.MockMvcPrintOnlyOnFailureTestExecutionListener@1b3a95d9, org.springframework.boot.test.autoconfigure.web.servlet.WebDriverTestExecutionListener@71f437d7, org.springframework.boot.test.mock.mockito.ResetMocksTestExecutionListener@5186c801]
2023-01-30 10:58:11.436 ERROR 19221 --- [    Test worker] com.rv.entities.Position                 : Co-ordinate provided is out of the bounds. 5
2023-01-30 10:58:11.441 ERROR 19221 --- [    Test worker] com.rv.entities.Position                 : Co-ordinate provided is out of the bounds. 5
2023-01-30 10:58:11.447 ERROR 19221 --- [    Test worker] com.rv.entities.Position                 : Co-ordinate provided is out of the bounds. 5
2023-01-30 10:58:11.451 ERROR 19221 --- [    Test worker] com.rv.entities.Position                 : Co-ordinate provided is out of the bounds. 5
]]></system-out>
  <system-err><![CDATA[]]></system-err>
</testsuite>
