<?xml version="1.0" encoding="UTF-8"?>
<testsuite name="com.unit.test.rv.service.RobotReportAPITest" tests="2" skipped="0" failures="0" errors="0" timestamp="2023-01-29T23:58:11" hostname="Sunils-MBP-2" time="0.289">
  <properties/>
  <testcase name="shouldThrowErrorWhenPositionIsNullForReportAPICall()" classname="com.unit.test.rv.service.RobotReportAPITest" time="0.285"/>
  <testcase name="shouldReturnSuccessWhenPositionIsInitializedForReportAPICall()" classname="com.unit.test.rv.service.RobotReportAPITest" time="0.003"/>
  <system-out><![CDATA[10:58:07.402 [Test worker] DEBUG org.springframework.test.context.BootstrapUtils - Instantiating CacheAwareContextLoaderDelegate from class [org.springframework.test.context.cache.DefaultCacheAwareContextLoaderDelegate]
10:58:07.413 [Test worker] DEBUG org.springframework.test.context.BootstrapUtils - Instantiating BootstrapContext using constructor [public org.springframework.test.context.support.DefaultBootstrapContext(java.lang.Class,org.springframework.test.context.CacheAwareContextLoaderDelegate)]
10:58:07.440 [Test worker] DEBUG org.springframework.test.context.BootstrapUtils - Instantiating TestContextBootstrapper for test class [com.unit.test.rv.service.RobotReportAPITest] from class [org.springframework.boot.test.context.SpringBootTestContextBootstrapper]
10:58:07.455 [Test worker] INFO org.springframework.boot.test.context.SpringBootTestContextBootstrapper - Neither @ContextConfiguration nor @ContextHierarchy found for test class [com.unit.test.rv.service.RobotReportAPITest], using SpringBootContextLoader
10:58:07.460 [Test worker] DEBUG org.springframework.test.context.support.AbstractContextLoader - Did not detect default resource location for test class [com.unit.test.rv.service.RobotReportAPITest]: class path resource [com/unit/test/rv/service/RobotReportAPITest-context.xml] does not exist
10:58:07.460 [Test worker] DEBUG org.springframework.test.context.support.AbstractContextLoader - Did not detect default resource location for test class [com.unit.test.rv.service.RobotReportAPITest]: class path resource [com/unit/test/rv/service/RobotReportAPITestContext.groovy] does not exist
10:58:07.460 [Test worker] INFO org.springframework.test.context.support.AbstractContextLoader - Could not detect default resource locations for test class [com.unit.test.rv.service.RobotReportAPITest]: no resource found for suffixes {-context.xml, Context.groovy}.
10:58:07.606 [Test worker] DEBUG org.springframework.boot.test.context.SpringBootTestContextBootstrapper - @TestExecutionListeners is not present for class [com.unit.test.rv.service.RobotReportAPITest]: using defaults.
10:58:07.607 [Test worker] INFO org.springframework.boot.test.context.SpringBootTestContextBootstrapper - Loaded default TestExecutionListener class names from location [META-INF/spring.factories]: [org.springframework.boot.test.autoconfigure.restdocs.RestDocsTestExecutionListener, org.springframework.boot.test.autoconfigure.web.client.MockRestServiceServerResetTestExecutionListener, org.springframework.boot.test.autoconfigure.web.servlet.MockMvcPrintOnlyOnFailureTestExecutionListener, org.springframework.boot.test.autoconfigure.web.servlet.WebDriverTestExecutionListener, org.springframework.boot.test.mock.mockito.MockitoTestExecutionListener, org.springframework.boot.test.mock.mockito.ResetMocksTestExecutionListener, org.springframework.test.context.web.ServletTestExecutionListener, org.springframework.test.context.support.DirtiesContextBeforeModesTestExecutionListener, org.springframework.test.context.support.DependencyInjectionTestExecutionListener, org.springframework.test.context.support.DirtiesContextTestExecutionListener, org.springframework.test.context.transaction.TransactionalTestExecutionListener, org.springframework.test.context.jdbc.SqlScriptsTestExecutionListener, org.springframework.test.context.event.EventPublishingTestExecutionListener]
10:58:07.620 [Test worker] DEBUG org.springframework.boot.test.context.SpringBootTestContextBootstrapper - Skipping candidate TestExecutionListener [org.springframework.test.context.transaction.TransactionalTestExecutionListener] due to a missing dependency. Specify custom listener classes or make the default listener classes and their required dependencies available. Offending class: [org/springframework/transaction/TransactionDefinition]
10:58:07.620 [Test worker] DEBUG org.springframework.boot.test.context.SpringBootTestContextBootstrapper - Skipping candidate TestExecutionListener [org.springframework.test.context.jdbc.SqlScriptsTestExecutionListener] due to a missing dependency. Specify custom listener classes or make the default listener classes and their required dependencies available. Offending class: [org/springframework/transaction/interceptor/TransactionAttribute]
10:58:07.620 [Test worker] INFO org.springframework.boot.test.context.SpringBootTestContextBootstrapper - Using TestExecutionListeners: [org.springframework.test.context.web.ServletTestExecutionListener@41c07648, org.springframework.test.context.support.DirtiesContextBeforeModesTestExecutionListener@1fe8d51b, org.springframework.boot.test.mock.mockito.MockitoTestExecutionListener@781e7326, org.springframework.boot.test.autoconfigure.SpringBootDependencyInjectionTestExecutionListener@22680f52, org.springframework.test.context.support.DirtiesContextTestExecutionListener@60d84f61, org.springframework.test.context.event.EventPublishingTestExecutionListener@39c11e6c, org.springframework.boot.test.autoconfigure.restdocs.RestDocsTestExecutionListener@324dcd31, org.springframework.boot.test.autoconfigure.web.client.MockRestServiceServerResetTestExecutionListener@503d56b5, org.springframework.boot.test.autoconfigure.web.servlet.MockMvcPrintOnlyOnFailureTestExecutionListener@72bca894, org.springframework.boot.test.autoconfigure.web.servlet.WebDriverTestExecutionListener@433ffad1, org.springframework.boot.test.mock.mockito.ResetMocksTestExecutionListener@1fc793c2]
10:58:07.623 [Test worker] DEBUG org.springframework.test.context.support.AbstractDirtiesContextTestExecutionListener - Before test class: context [DefaultTestContext@1b39fd82 testClass = RobotReportAPITest, testInstance = [null], testMethod = [null], testException = [null], mergedContextConfiguration = [WebMergedContextConfiguration@3e2fc448 testClass = RobotReportAPITest, locations = '{}', classes = '{class com.rv.RobotApplication, class com.rv.RobotApplication}', contextInitializerClasses = '[]', activeProfiles = '{test}', propertySourceLocations = '{}', propertySourceProperties = '{org.springframework.boot.test.context.SpringBootTestContextBootstrapper=true, server.port=0}', contextCustomizers = set[org.springframework.boot.test.autoconfigure.properties.PropertyMappingContextCustomizer@0, org.springframework.boot.test.autoconfigure.web.servlet.WebDriverContextCustomizerFactory$Customizer@b968a76, org.springframework.boot.test.context.filter.ExcludeFilterContextCustomizer@5778826f, org.springframework.boot.test.json.DuplicateJsonObjectContextCustomizerFactory$DuplicateJsonObjectContextCustomizer@72445aba, org.springframework.boot.test.mock.mockito.MockitoContextCustomizer@0, org.springframework.boot.test.web.client.TestRestTemplateContextCustomizer@878452d, org.springframework.boot.test.web.reactive.server.WebTestClientContextCustomizer@350ec41e], resourceBasePath = 'src/main/webapp', contextLoader = 'org.springframework.boot.test.context.SpringBootContextLoader', parent = [null]], attributes = map['org.springframework.test.context.web.ServletTestExecutionListener.activateListener' -> false]], class annotated with @DirtiesContext [false] with mode [null].
10:58:07.633 [Test worker] DEBUG org.springframework.test.context.support.DependencyInjectionTestExecutionListener - Performing dependency injection for test context [[DefaultTestContext@1b39fd82 testClass = RobotReportAPITest, testInstance = com.unit.test.rv.service.RobotReportAPITest@3abd581e, testMethod = [null], testException = [null], mergedContextConfiguration = [WebMergedContextConfiguration@3e2fc448 testClass = RobotReportAPITest, locations = '{}', classes = '{class com.rv.RobotApplication, class com.rv.RobotApplication}', contextInitializerClasses = '[]', activeProfiles = '{test}', propertySourceLocations = '{}', propertySourceProperties = '{org.springframework.boot.test.context.SpringBootTestContextBootstrapper=true, server.port=0}', contextCustomizers = set[org.springframework.boot.test.autoconfigure.properties.PropertyMappingContextCustomizer@0, org.springframework.boot.test.autoconfigure.web.servlet.WebDriverContextCustomizerFactory$Customizer@b968a76, org.springframework.boot.test.context.filter.ExcludeFilterContextCustomizer@5778826f, org.springframework.boot.test.json.DuplicateJsonObjectContextCustomizerFactory$DuplicateJsonObjectContextCustomizer@72445aba, org.springframework.boot.test.mock.mockito.MockitoContextCustomizer@0, org.springframework.boot.test.web.client.TestRestTemplateContextCustomizer@878452d, org.springframework.boot.test.web.reactive.server.WebTestClientContextCustomizer@350ec41e], resourceBasePath = 'src/main/webapp', contextLoader = 'org.springframework.boot.test.context.SpringBootContextLoader', parent = [null]], attributes = map['org.springframework.test.context.web.ServletTestExecutionListener.activateListener' -> false]]].
10:58:07.655 [Test worker] DEBUG org.springframework.test.context.support.TestPropertySourceUtils - Adding inlined properties to environment: {spring.jmx.enabled=false, org.springframework.boot.test.context.SpringBootTestContextBootstrapper=true, server.port=0}

  .   ____          _            __ _ _
 /\\ / ___'_ __ _ _(_)_ __  __ _ \ \ \ \
( ( )\___ | '_ | '_| | '_ \/ _` | \ \ \ \
 \\/  ___)| |_)| | | | | || (_| |  ) ) ) )
  '  |____| .__|_| |_|_| |_\__, | / / / /
 =========|_|==============|___/=/_/_/_/
 :: Spring Boot ::        (v2.2.5.RELEASE)

2023-01-30 10:58:07.894  INFO 19221 --- [    Test worker] c.u.test.rv.service.RobotReportAPITest   : Starting RobotReportAPITest on Sunils-MBP-2 with PID 19221 (started by Sunil in /Users/Sunil/Code/2023/robot-challenge-)
2023-01-30 10:58:07.895  INFO 19221 --- [    Test worker] c.u.test.rv.service.RobotReportAPITest   : The following profiles are active: test
2023-01-30 10:58:09.318  INFO 19221 --- [    Test worker] o.s.b.w.embedded.tomcat.TomcatWebServer  : Tomcat initialized with port(s): 0 (http)
2023-01-30 10:58:09.330  INFO 19221 --- [    Test worker] o.apache.catalina.core.StandardService   : Starting service [Tomcat]
2023-01-30 10:58:09.330  INFO 19221 --- [    Test worker] org.apache.catalina.core.StandardEngine  : Starting Servlet engine: [Apache Tomcat/9.0.31]
2023-01-30 10:58:09.427  INFO 19221 --- [    Test worker] o.a.c.c.C.[Tomcat].[localhost].[/]       : Initializing Spring embedded WebApplicationContext
2023-01-30 10:58:09.428  INFO 19221 --- [    Test worker] o.s.web.context.ContextLoader            : Root WebApplicationContext: initialization completed in 1517 ms
2023-01-30 10:58:10.195  INFO 19221 --- [    Test worker] o.s.b.a.e.web.EndpointLinksResolver      : Exposing 2 endpoint(s) beneath base path '/actuator'
2023-01-30 10:58:10.467  INFO 19221 --- [    Test worker] o.s.s.concurrent.ThreadPoolTaskExecutor  : Initializing ExecutorService 'applicationTaskExecutor'
2023-01-30 10:58:11.000  INFO 19221 --- [    Test worker] o.s.b.w.embedded.tomcat.TomcatWebServer  : Tomcat started on port(s): 53234 (http) with context path ''
2023-01-30 10:58:11.005  INFO 19221 --- [    Test worker] c.u.test.rv.service.RobotReportAPITest   : Started RobotReportAPITest in 3.344 seconds (JVM running for 4.586)
]]></system-out>
  <system-err><![CDATA[]]></system-err>
</testsuite>
